0 verbose cli /home/willh1/nvm/versions/node/v20.11.1/bin/node /home/willh1/nvm/versions/node/v20.11.1/lib/node_modules/npm/bin/npm-cli.js
1 info using npm@10.2.4
2 info using node@v20.11.1
3 timing npm:load:whichnode Completed in 0ms
4 timing config:load:defaults Completed in 1ms
5 timing config:load:file:/home/willh1/nvm/versions/node/v20.11.1/lib/node_modules/npm/npmrc Completed in 1ms
6 timing config:load:builtin Completed in 1ms
7 timing config:load:cli Completed in 3ms
8 timing config:load:env Completed in 0ms
9 timing config:load:file:/home/willh1/backend/.npmrc Completed in 1ms
10 timing config:load:project Completed in 6ms
11 timing config:load:file:/home/willh1/.npmrc Completed in 0ms
12 timing config:load:user Completed in 0ms
13 timing config:load:file:/home/willh1/nvm/versions/node/v20.11.1/etc/npmrc Completed in 0ms
14 timing config:load:global Completed in 0ms
15 timing config:load:setEnvs Completed in 1ms
16 timing config:load Completed in 12ms
17 timing npm:load:configload Completed in 12ms
18 timing config:load:flatten Completed in 2ms
19 timing npm:load:mkdirpcache Completed in 0ms
20 timing npm:load:mkdirplogs Completed in 1ms
21 verbose title npm exec create-react-app frontend
22 verbose argv "exec" "--" "create-react-app" "frontend"
23 timing npm:load:setTitle Completed in 1ms
24 timing npm:load:display Completed in 0ms
25 verbose logfile logs-max:10 dir:/home/willh1/.npm/_logs/2024-03-04T20_49_32_827Z-
26 verbose logfile /home/willh1/.npm/_logs/2024-03-04T20_49_32_827Z-debug-0.log
27 timing npm:load:logFile Completed in 12ms
28 timing npm:load:timers Completed in 0ms
29 timing npm:load:configScope Completed in 0ms
30 timing npm:load Completed in 44ms
31 silly logfile done cleaning log files
32 timing arborist:ctor Completed in 0ms
33 http fetch GET 200 https://registry.npmjs.org/create-react-app 87ms (cache miss)
34 timing arborist:ctor Completed in 0ms
35 http fetch GET 200 https://registry.npmjs.org/npm 188ms (cache miss)
36 timing arborist:ctor Completed in 0ms
37 timing arborist:ctor Completed in 0ms
38 timing idealTree:init Completed in 3ms
39 timing idealTree:userRequests Completed in 1ms
40 silly idealTree buildDeps
41 silly fetch manifest create-react-app@5.0.1
42 http fetch GET 200 https://registry.npmjs.org/create-react-app 15ms (cache hit)
43 silly placeDep ROOT create-react-app@5.0.1 OK for:  want: 5.0.1
44 silly fetch manifest chalk@^4.1.2
45 silly fetch manifest commander@^4.1.1
46 silly fetch manifest cross-spawn@^7.0.3
47 silly fetch manifest envinfo@^7.8.1
48 silly fetch manifest fs-extra@^10.0.0
49 silly fetch manifest hyperquest@^2.1.3
50 silly fetch manifest prompts@^2.4.2
51 silly fetch manifest semver@^7.3.5
52 silly fetch manifest tar-pack@^3.4.1
53 silly fetch manifest tmp@^0.2.1
54 silly fetch manifest validate-npm-package-name@^3.0.0
55 http fetch GET 200 https://registry.npmjs.org/chalk 105ms (cache miss)
56 http fetch GET 200 https://registry.npmjs.org/commander 124ms (cache miss)
57 http fetch GET 200 https://registry.npmjs.org/validate-npm-package-name 124ms (cache miss)
58 http fetch GET 200 https://registry.npmjs.org/tmp 137ms (cache miss)
59 http fetch GET 200 https://registry.npmjs.org/cross-spawn 144ms (cache miss)
60 http fetch GET 200 https://registry.npmjs.org/envinfo 144ms (cache miss)
61 http fetch GET 200 https://registry.npmjs.org/fs-extra 147ms (cache miss)
62 http fetch GET 200 https://registry.npmjs.org/prompts 152ms (cache miss)
63 http fetch GET 200 https://registry.npmjs.org/semver 158ms (cache miss)
64 http fetch GET 200 https://registry.npmjs.org/hyperquest 339ms (cache miss)
65 http fetch GET 200 https://registry.npmjs.org/tar-pack 375ms (cache miss)
66 timing idealTree:#root Completed in 399ms
67 silly placeDep ROOT chalk@4.1.2 OK for: create-react-app@5.0.1 want: ^4.1.2
68 silly fetch manifest ansi-styles@^4.1.0
69 silly fetch manifest supports-color@^7.1.0
70 silly placeDep ROOT commander@4.1.1 OK for: create-react-app@5.0.1 want: ^4.1.1
71 silly placeDep ROOT cross-spawn@7.0.3 OK for: create-react-app@5.0.1 want: ^7.0.3
72 silly fetch manifest path-key@^3.1.0
73 silly fetch manifest shebang-command@^2.0.0
74 silly fetch manifest which@^2.0.1
75 silly placeDep ROOT envinfo@7.11.1 OK for: create-react-app@5.0.1 want: ^7.8.1
76 silly placeDep ROOT fs-extra@10.1.0 OK for: create-react-app@5.0.1 want: ^10.0.0
77 silly fetch manifest graceful-fs@^4.2.0
78 silly fetch manifest jsonfile@^6.0.1
79 silly fetch manifest universalify@^2.0.0
80 silly placeDep ROOT hyperquest@2.1.3 OK for: create-react-app@5.0.1 want: ^2.1.3
81 silly fetch manifest buffer-from@^0.1.1
82 silly fetch manifest duplexer2@~0.0.2
83 silly fetch manifest through2@~0.6.3
84 silly placeDep ROOT prompts@2.4.2 OK for: create-react-app@5.0.1 want: ^2.4.2
85 silly fetch manifest kleur@^3.0.3
86 silly fetch manifest sisteransi@^1.0.5
87 silly placeDep ROOT semver@7.6.0 OK for: create-react-app@5.0.1 want: ^7.3.5
88 silly fetch manifest lru-cache@^6.0.0
89 silly placeDep ROOT tar-pack@3.4.1 OK for: create-react-app@5.0.1 want: ^3.4.1
90 silly fetch manifest debug@^2.2.0
91 silly fetch manifest fstream@^1.0.10
92 silly fetch manifest fstream-ignore@^1.0.5
93 silly fetch manifest once@^1.3.3
94 silly fetch manifest readable-stream@^2.1.4
95 silly fetch manifest rimraf@^2.5.1
96 silly fetch manifest tar@^2.2.1
97 silly fetch manifest uid-number@^0.0.6
98 silly placeDep ROOT tmp@0.2.3 OK for: create-react-app@5.0.1 want: ^0.2.1
99 silly placeDep ROOT validate-npm-package-name@3.0.0 OK for: create-react-app@5.0.1 want: ^3.0.0
100 silly fetch manifest builtins@^1.0.3
101 http fetch GET 200 https://registry.npmjs.org/ansi-styles 248ms (cache miss)
102 http fetch GET 200 https://registry.npmjs.org/supports-color 253ms (cache miss)
103 http fetch GET 200 https://registry.npmjs.org/path-key 258ms (cache miss)
104 http fetch GET 200 https://registry.npmjs.org/shebang-command 263ms (cache miss)
105 http fetch GET 200 https://registry.npmjs.org/buffer-from 263ms (cache miss)
106 http fetch GET 200 https://registry.npmjs.org/universalify 270ms (cache miss)
107 http fetch GET 200 https://registry.npmjs.org/which 275ms (cache miss)
108 http fetch GET 200 https://registry.npmjs.org/duplexer2 271ms (cache miss)
109 http fetch GET 200 https://registry.npmjs.org/sisteransi 272ms (cache miss)
110 http fetch GET 200 https://registry.npmjs.org/jsonfile 281ms (cache miss)
111 http fetch GET 200 https://registry.npmjs.org/once 277ms (cache miss)
112 http fetch GET 200 https://registry.npmjs.org/fstream-ignore 284ms (cache miss)
113 http fetch GET 200 https://registry.npmjs.org/through2 296ms (cache miss)
114 http fetch GET 200 https://registry.npmjs.org/uid-number 286ms (cache miss)
115 http fetch GET 200 https://registry.npmjs.org/fstream 293ms (cache miss)
116 http fetch GET 200 https://registry.npmjs.org/builtins 291ms (cache miss)
117 http fetch GET 200 https://registry.npmjs.org/kleur 312ms (cache miss)
118 http fetch GET 200 https://registry.npmjs.org/graceful-fs 319ms (cache miss)
119 http fetch GET 200 https://registry.npmjs.org/debug 312ms (cache miss)
120 http fetch GET 200 https://registry.npmjs.org/rimraf 318ms (cache miss)
121 http fetch GET 200 https://registry.npmjs.org/readable-stream 331ms (cache miss)
122 http fetch GET 200 https://registry.npmjs.org/tar 337ms (cache miss)
123 http fetch GET 200 https://registry.npmjs.org/lru-cache 352ms (cache miss)
124 timing idealTree:node_modules/create-react-app Completed in 372ms
125 silly placeDep ROOT ansi-styles@4.3.0 OK for: chalk@4.1.2 want: ^4.1.0
126 silly fetch manifest color-convert@^2.0.1
127 silly placeDep ROOT supports-color@7.2.0 OK for: chalk@4.1.2 want: ^7.1.0
128 silly fetch manifest has-flag@^4.0.0
129 http fetch GET 200 https://registry.npmjs.org/color-convert 53ms (cache miss)
130 http fetch GET 200 https://registry.npmjs.org/has-flag 56ms (cache miss)
131 timing idealTree:node_modules/chalk Completed in 59ms
132 silly placeDep ROOT color-convert@2.0.1 OK for: ansi-styles@4.3.0 want: ^2.0.1
133 silly fetch manifest color-name@~1.1.4
134 http fetch GET 200 https://registry.npmjs.org/color-name 70ms (cache miss)
135 timing idealTree:node_modules/ansi-styles Completed in 72ms
136 silly placeDep ROOT color-name@1.1.4 OK for: color-convert@2.0.1 want: ~1.1.4
137 timing idealTree:node_modules/color-convert Completed in 1ms
138 timing idealTree:node_modules/color-name Completed in 0ms
139 timing idealTree:node_modules/commander Completed in 0ms
140 silly placeDep ROOT path-key@3.1.1 OK for: cross-spawn@7.0.3 want: ^3.1.0
141 silly placeDep ROOT shebang-command@2.0.0 OK for: cross-spawn@7.0.3 want: ^2.0.0
142 silly fetch manifest shebang-regex@^3.0.0
143 silly placeDep ROOT which@2.0.2 OK for: cross-spawn@7.0.3 want: ^2.0.1
144 silly fetch manifest isexe@^2.0.0
145 http fetch GET 200 https://registry.npmjs.org/isexe 54ms (cache miss)
146 http fetch GET 200 https://registry.npmjs.org/shebang-regex 60ms (cache miss)
147 timing idealTree:node_modules/cross-spawn Completed in 64ms
148 timing idealTree:node_modules/envinfo Completed in 0ms
149 silly placeDep ROOT graceful-fs@4.2.11 OK for: fs-extra@10.1.0 want: ^4.2.0
150 silly placeDep ROOT jsonfile@6.1.0 OK for: fs-extra@10.1.0 want: ^6.0.1
151 silly placeDep ROOT universalify@2.0.1 OK for: fs-extra@10.1.0 want: ^2.0.0
152 timing idealTree:node_modules/fs-extra Completed in 3ms
153 timing idealTree:node_modules/graceful-fs Completed in 0ms
154 silly placeDep ROOT buffer-from@0.1.2 OK for: hyperquest@2.1.3 want: ^0.1.1
155 silly placeDep ROOT duplexer2@0.0.2 OK for: hyperquest@2.1.3 want: ~0.0.2
156 silly fetch manifest readable-stream@~1.1.9
157 silly placeDep ROOT through2@0.6.5 OK for: hyperquest@2.1.3 want: ~0.6.3
158 silly fetch manifest readable-stream@>=1.0.33-1 <1.1.0-0
159 silly fetch manifest xtend@>=4.0.0 <4.1.0-0
160 http fetch GET 200 https://registry.npmjs.org/xtend 50ms (cache miss)
161 timing idealTree:node_modules/hyperquest Completed in 53ms
162 timing idealTree:node_modules/buffer-from Completed in 0ms
163 silly placeDep ROOT readable-stream@1.1.14 OK for: duplexer2@0.0.2 want: ~1.1.9
164 silly fetch manifest core-util-is@~1.0.0
165 silly fetch manifest isarray@0.0.1
166 silly fetch manifest string_decoder@~0.10.x
167 silly fetch manifest inherits@~2.0.1
168 http fetch GET 200 https://registry.npmjs.org/inherits 78ms (cache miss)
169 http fetch GET 200 https://registry.npmjs.org/core-util-is 81ms (cache miss)
170 http fetch GET 200 https://registry.npmjs.org/string_decoder 82ms (cache miss)
171 http fetch GET 200 https://registry.npmjs.org/isarray 85ms (cache miss)
172 timing idealTree:node_modules/duplexer2 Completed in 89ms
173 timing idealTree:node_modules/jsonfile Completed in 0ms
174 timing idealTree:node_modules/path-key Completed in 0ms
175 silly placeDep ROOT kleur@3.0.3 OK for: prompts@2.4.2 want: ^3.0.3
176 silly placeDep ROOT sisteransi@1.0.5 OK for: prompts@2.4.2 want: ^1.0.5
177 timing idealTree:node_modules/prompts Completed in 1ms
178 timing idealTree:node_modules/kleur Completed in 0ms
179 silly placeDep ROOT core-util-is@1.0.3 OK for: readable-stream@1.1.14 want: ~1.0.0
180 silly placeDep ROOT inherits@2.0.4 OK for: readable-stream@1.1.14 want: ~2.0.1
181 silly placeDep ROOT isarray@0.0.1 OK for: readable-stream@1.1.14 want: 0.0.1
182 silly placeDep ROOT string_decoder@0.10.31 OK for: readable-stream@1.1.14 want: ~0.10.x
183 timing idealTree:node_modules/readable-stream Completed in 3ms
184 timing idealTree:node_modules/core-util-is Completed in 0ms
185 timing idealTree:node_modules/inherits Completed in 0ms
186 timing idealTree:node_modules/isarray Completed in 0ms
187 silly placeDep ROOT lru-cache@6.0.0 OK for: semver@7.6.0 want: ^6.0.0
188 silly fetch manifest yallist@^4.0.0
189 http fetch GET 200 https://registry.npmjs.org/yallist 81ms (cache miss)
190 timing idealTree:node_modules/semver Completed in 83ms
191 silly placeDep ROOT yallist@4.0.0 OK for: lru-cache@6.0.0 want: ^4.0.0
192 timing idealTree:node_modules/lru-cache Completed in 1ms
193 silly placeDep ROOT shebang-regex@3.0.0 OK for: shebang-command@2.0.0 want: ^3.0.0
194 timing idealTree:node_modules/shebang-command Completed in 1ms
195 timing idealTree:node_modules/shebang-regex Completed in 0ms
196 timing idealTree:node_modules/sisteransi Completed in 0ms
197 timing idealTree:node_modules/string_decoder Completed in 0ms
198 silly placeDep ROOT has-flag@4.0.0 OK for: supports-color@7.2.0 want: ^4.0.0
199 timing idealTree:node_modules/supports-color Completed in 1ms
200 timing idealTree:node_modules/has-flag Completed in 0ms
201 silly placeDep ROOT debug@2.6.9 OK for: tar-pack@3.4.1 want: ^2.2.0
202 silly fetch manifest ms@2.0.0
203 silly placeDep ROOT fstream@1.0.12 OK for: tar-pack@3.4.1 want: ^1.0.10
204 silly fetch manifest mkdirp@>=0.5 0
205 silly fetch manifest rimraf@2
206 silly placeDep ROOT fstream-ignore@1.0.5 OK for: tar-pack@3.4.1 want: ^1.0.5
207 silly fetch manifest minimatch@^3.0.0
208 silly placeDep ROOT once@1.4.0 OK for: tar-pack@3.4.1 want: ^1.3.3
209 silly fetch manifest wrappy@1
210 silly placeDep node_modules/tar-pack readable-stream@2.3.8 OK for: tar-pack@3.4.1 want: ^2.1.4
211 silly fetch manifest isarray@~1.0.0
212 silly fetch manifest process-nextick-args@~2.0.0
213 silly fetch manifest safe-buffer@~5.1.1
214 silly fetch manifest string_decoder@~1.1.1
215 silly fetch manifest util-deprecate@~1.0.1
216 silly placeDep ROOT rimraf@2.7.1 OK for: tar-pack@3.4.1 want: ^2.5.1
217 silly fetch manifest glob@^7.1.3
218 silly placeDep ROOT tar@2.2.2 OK for: tar-pack@3.4.1 want: ^2.2.1
219 silly fetch manifest block-stream@*
220 silly placeDep ROOT uid-number@0.0.6 OK for: tar-pack@3.4.1 want: ^0.0.6
221 http fetch GET 200 https://registry.npmjs.org/wrappy 119ms (cache miss)
222 http fetch GET 200 https://registry.npmjs.org/util-deprecate 115ms (cache miss)
223 http fetch GET 200 https://registry.npmjs.org/mkdirp 126ms (cache miss)
224 http fetch GET 200 https://registry.npmjs.org/ms 131ms (cache miss)
225 http fetch GET 200 https://registry.npmjs.org/process-nextick-args 131ms (cache miss)
226 http fetch GET 200 https://registry.npmjs.org/block-stream 129ms (cache miss)
227 http fetch GET 200 https://registry.npmjs.org/safe-buffer 133ms (cache miss)
228 http fetch GET 200 https://registry.npmjs.org/glob 144ms (cache miss)
229 http fetch GET 200 https://registry.npmjs.org/minimatch 158ms (cache miss)
230 timing idealTree:node_modules/tar-pack Completed in 165ms
231 silly placeDep ROOT ms@2.0.0 OK for: debug@2.6.9 want: 2.0.0
232 timing idealTree:node_modules/debug Completed in 1ms
233 silly placeDep ROOT mkdirp@0.5.6 OK for: fstream@1.0.12 want: >=0.5 0
234 silly fetch manifest minimist@^1.2.6
235 http fetch GET 200 https://registry.npmjs.org/minimist 86ms (cache miss)
236 timing idealTree:node_modules/fstream Completed in 90ms
237 silly placeDep ROOT minimatch@3.1.2 OK for: fstream-ignore@1.0.5 want: ^3.0.0
238 silly fetch manifest brace-expansion@^1.1.7
239 http fetch GET 200 https://registry.npmjs.org/brace-expansion 55ms (cache miss)
240 timing idealTree:node_modules/fstream-ignore Completed in 58ms
241 silly placeDep ROOT brace-expansion@1.1.11 OK for: minimatch@3.1.2 want: ^1.1.7
242 silly fetch manifest balanced-match@^1.0.0
243 silly fetch manifest concat-map@0.0.1
244 http fetch GET 200 https://registry.npmjs.org/balanced-match 63ms (cache miss)
245 http fetch GET 200 https://registry.npmjs.org/concat-map 69ms (cache miss)
246 timing idealTree:node_modules/minimatch Completed in 72ms
247 silly placeDep ROOT balanced-match@1.0.2 OK for: brace-expansion@1.1.11 want: ^1.0.0
248 silly placeDep ROOT concat-map@0.0.1 OK for: brace-expansion@1.1.11 want: 0.0.1
249 timing idealTree:node_modules/brace-expansion Completed in 2ms
250 timing idealTree:node_modules/balanced-match Completed in 0ms
251 timing idealTree:node_modules/concat-map Completed in 0ms
252 silly placeDep ROOT minimist@1.2.8 OK for: mkdirp@0.5.6 want: ^1.2.6
253 timing idealTree:node_modules/mkdirp Completed in 1ms
254 timing idealTree:node_modules/minimist Completed in 0ms
255 timing idealTree:node_modules/ms Completed in 0ms
256 silly placeDep ROOT wrappy@1.0.2 OK for: once@1.4.0 want: 1
257 timing idealTree:node_modules/once Completed in 1ms
258 silly placeDep ROOT glob@7.2.3 OK for: rimraf@2.7.1 want: ^7.1.3
259 silly fetch manifest fs.realpath@^1.0.0
260 silly fetch manifest inflight@^1.0.4
261 silly fetch manifest path-is-absolute@^1.0.0
262 http fetch GET 200 https://registry.npmjs.org/path-is-absolute 57ms (cache miss)
263 http fetch GET 200 https://registry.npmjs.org/fs.realpath 60ms (cache miss)
264 http fetch GET 200 https://registry.npmjs.org/inflight 62ms (cache miss)
265 timing idealTree:node_modules/rimraf Completed in 64ms
266 silly placeDep ROOT fs.realpath@1.0.0 OK for: glob@7.2.3 want: ^1.0.0
267 silly placeDep ROOT inflight@1.0.6 OK for: glob@7.2.3 want: ^1.0.4
268 silly placeDep ROOT path-is-absolute@1.0.1 OK for: glob@7.2.3 want: ^1.0.0
269 timing idealTree:node_modules/glob Completed in 3ms
270 timing idealTree:node_modules/fs.realpath Completed in 0ms
271 timing idealTree:node_modules/inflight Completed in 0ms
272 timing idealTree:node_modules/path-is-absolute Completed in 0ms
273 silly placeDep ROOT block-stream@0.0.9 OK for: tar@2.2.2 want: *
274 timing idealTree:node_modules/tar Completed in 1ms
275 timing idealTree:node_modules/block-stream Completed in 0ms
276 silly placeDep node_modules/through2 readable-stream@1.0.34 OK for: through2@0.6.5 want: >=1.0.33-1 <1.1.0-0
277 silly placeDep ROOT xtend@4.0.2 OK for: through2@0.6.5 want: >=4.0.0 <4.1.0-0
278 timing idealTree:node_modules/through2 Completed in 3ms
279 timing idealTree:node_modules/tmp Completed in 0ms
280 timing idealTree:node_modules/uid-number Completed in 0ms
281 timing idealTree:node_modules/universalify Completed in 0ms
282 silly placeDep ROOT builtins@1.0.3 OK for: validate-npm-package-name@3.0.0 want: ^1.0.3
283 timing idealTree:node_modules/validate-npm-package-name Completed in 1ms
284 timing idealTree:node_modules/builtins Completed in 0ms
285 silly placeDep ROOT isexe@2.0.0 OK for: which@2.0.2 want: ^2.0.0
286 timing idealTree:node_modules/which Completed in 1ms
287 timing idealTree:node_modules/isexe Completed in 0ms
288 timing idealTree:node_modules/wrappy Completed in 0ms
289 timing idealTree:node_modules/xtend Completed in 0ms
290 timing idealTree:node_modules/yallist Completed in 0ms
291 silly placeDep node_modules/tar-pack isarray@1.0.0 OK for: readable-stream@2.3.8 want: ~1.0.0
292 silly placeDep ROOT process-nextick-args@2.0.1 OK for: readable-stream@2.3.8 want: ~2.0.0
293 silly placeDep ROOT safe-buffer@5.1.2 OK for: readable-stream@2.3.8 want: ~5.1.1
294 silly placeDep node_modules/tar-pack string_decoder@1.1.1 OK for: readable-stream@2.3.8 want: ~1.1.1
295 silly placeDep ROOT util-deprecate@1.0.2 OK for: readable-stream@2.3.8 want: ~1.0.1
296 timing idealTree:node_modules/tar-pack/node_modules/readable-stream Completed in 5ms
297 timing idealTree:node_modules/process-nextick-args Completed in 0ms
298 timing idealTree:node_modules/safe-buffer Completed in 0ms
299 timing idealTree:node_modules/util-deprecate Completed in 0ms
300 timing idealTree:node_modules/tar-pack/node_modules/isarray Completed in 0ms
301 timing idealTree:node_modules/tar-pack/node_modules/string_decoder Completed in 0ms
302 timing idealTree:node_modules/through2/node_modules/readable-stream Completed in 0ms
303 timing idealTree:buildDeps Completed in 1675ms
304 timing idealTree:fixDepFlags Completed in 1ms
305 timing idealTree Completed in 1682ms
306 timing reify:loadTrees Completed in 1683ms
307 timing reify:diffTrees Completed in 3ms
308 silly reify moves {}
309 timing reify:retireShallow Completed in 0ms
310 timing reify:createSparse Completed in 221ms
311 timing reify:loadBundles Completed in 0ms
312 silly audit bulk request {
312 silly audit   'create-react-app': [ '5.0.1' ],
312 silly audit   chalk: [ '4.1.2' ],
312 silly audit   commander: [ '4.1.1' ],
312 silly audit   'cross-spawn': [ '7.0.3' ],
312 silly audit   envinfo: [ '7.11.1' ],
312 silly audit   'fs-extra': [ '10.1.0' ],
312 silly audit   hyperquest: [ '2.1.3' ],
312 silly audit   prompts: [ '2.4.2' ],
312 silly audit   semver: [ '7.6.0' ],
312 silly audit   'tar-pack': [ '3.4.1' ],
312 silly audit   tmp: [ '0.2.3' ],
312 silly audit   'validate-npm-package-name': [ '3.0.0' ],
312 silly audit   'ansi-styles': [ '4.3.0' ],
312 silly audit   'supports-color': [ '7.2.0' ],
312 silly audit   'color-convert': [ '2.0.1' ],
312 silly audit   'color-name': [ '1.1.4' ],
312 silly audit   'path-key': [ '3.1.1' ],
312 silly audit   'shebang-command': [ '2.0.0' ],
312 silly audit   which: [ '2.0.2' ],
312 silly audit   'graceful-fs': [ '4.2.11' ],
312 silly audit   jsonfile: [ '6.1.0' ],
312 silly audit   universalify: [ '2.0.1' ],
312 silly audit   'buffer-from': [ '0.1.2' ],
312 silly audit   duplexer2: [ '0.0.2' ],
312 silly audit   through2: [ '0.6.5' ],
312 silly audit   'readable-stream': [ '1.1.14', '2.3.8', '1.0.34' ],
312 silly audit   kleur: [ '3.0.3' ],
312 silly audit   sisteransi: [ '1.0.5' ],
312 silly audit   'core-util-is': [ '1.0.3' ],
312 silly audit   inherits: [ '2.0.4' ],
312 silly audit   isarray: [ '0.0.1', '1.0.0' ],
312 silly audit   string_decoder: [ '0.10.31', '1.1.1' ],
312 silly audit   'lru-cache': [ '6.0.0' ],
312 silly audit   yallist: [ '4.0.0' ],
312 silly audit   'shebang-regex': [ '3.0.0' ],
312 silly audit   'has-flag': [ '4.0.0' ],
312 silly audit   debug: [ '2.6.9' ],
312 silly audit   fstream: [ '1.0.12' ],
312 silly audit   'fstream-ignore': [ '1.0.5' ],
312 silly audit   once: [ '1.4.0' ],
312 silly audit   rimraf: [ '2.7.1' ],
312 silly audit   tar: [ '2.2.2' ],
312 silly audit   'uid-number': [ '0.0.6' ],
312 silly audit   ms: [ '2.0.0' ],
312 silly audit   mkdirp: [ '0.5.6' ],
312 silly audit   minimatch: [ '3.1.2' ],
312 silly audit   'brace-expansion': [ '1.1.11' ],
312 silly audit   'balanced-match': [ '1.0.2' ],
312 silly audit   'concat-map': [ '0.0.1' ],
312 silly audit   minimist: [ '1.2.8' ],
312 silly audit   wrappy: [ '1.0.2' ],
312 silly audit   glob: [ '7.2.3' ],
312 silly audit   'fs.realpath': [ '1.0.0' ],
312 silly audit   inflight: [ '1.0.6' ],
312 silly audit   'path-is-absolute': [ '1.0.1' ],
312 silly audit   'block-stream': [ '0.0.9' ],
312 silly audit   xtend: [ '4.0.2' ],
312 silly audit   builtins: [ '1.0.3' ],
312 silly audit   isexe: [ '2.0.0' ],
312 silly audit   'process-nextick-args': [ '2.0.1' ],
312 silly audit   'safe-buffer': [ '5.1.2' ],
312 silly audit   'util-deprecate': [ '1.0.2' ]
312 silly audit }
313 silly tarball no local data for process-nextick-args@https://registry.npmjs.org/process-nextick-args/-/process-nextick-args-2.0.1.tgz. Extracting by manifest.
314 silly tarball no local data for util-deprecate@https://registry.npmjs.org/util-deprecate/-/util-deprecate-1.0.2.tgz. Extracting by manifest.
315 silly tarball no local data for safe-buffer@https://registry.npmjs.org/safe-buffer/-/safe-buffer-5.1.2.tgz. Extracting by manifest.
316 silly tarball no local data for isexe@https://registry.npmjs.org/isexe/-/isexe-2.0.0.tgz. Extracting by manifest.
317 silly tarball no local data for path-is-absolute@https://registry.npmjs.org/path-is-absolute/-/path-is-absolute-1.0.1.tgz. Extracting by manifest.
318 silly tarball no local data for block-stream@https://registry.npmjs.org/block-stream/-/block-stream-0.0.9.tgz. Extracting by manifest.
319 silly tarball no local data for builtins@https://registry.npmjs.org/builtins/-/builtins-1.0.3.tgz. Extracting by manifest.
320 silly tarball no local data for xtend@https://registry.npmjs.org/xtend/-/xtend-4.0.2.tgz. Extracting by manifest.
321 silly tarball no local data for glob@https://registry.npmjs.org/glob/-/glob-7.2.3.tgz. Extracting by manifest.
322 silly tarball no local data for wrappy@https://registry.npmjs.org/wrappy/-/wrappy-1.0.2.tgz. Extracting by manifest.
323 silly tarball no local data for inflight@https://registry.npmjs.org/inflight/-/inflight-1.0.6.tgz. Extracting by manifest.
324 silly tarball no local data for fs.realpath@https://registry.npmjs.org/fs.realpath/-/fs.realpath-1.0.0.tgz. Extracting by manifest.
325 silly tarball no local data for minimist@https://registry.npmjs.org/minimist/-/minimist-1.2.8.tgz. Extracting by manifest.
326 silly tarball no local data for concat-map@https://registry.npmjs.org/concat-map/-/concat-map-0.0.1.tgz. Extracting by manifest.
327 silly tarball no local data for brace-expansion@https://registry.npmjs.org/brace-expansion/-/brace-expansion-1.1.11.tgz. Extracting by manifest.
328 silly tarball no local data for balanced-match@https://registry.npmjs.org/balanced-match/-/balanced-match-1.0.2.tgz. Extracting by manifest.
329 silly tarball no local data for minimatch@https://registry.npmjs.org/minimatch/-/minimatch-3.1.2.tgz. Extracting by manifest.
330 silly tarball no local data for ms@https://registry.npmjs.org/ms/-/ms-2.0.0.tgz. Extracting by manifest.
331 silly tarball no local data for uid-number@https://registry.npmjs.org/uid-number/-/uid-number-0.0.6.tgz. Extracting by manifest.
332 silly tarball no local data for rimraf@https://registry.npmjs.org/rimraf/-/rimraf-2.7.1.tgz. Extracting by manifest.
333 silly tarball no local data for tar@https://registry.npmjs.org/tar/-/tar-2.2.2.tgz. Extracting by manifest.
334 silly tarball no local data for mkdirp@https://registry.npmjs.org/mkdirp/-/mkdirp-0.5.6.tgz. Extracting by manifest.
335 silly tarball no local data for once@https://registry.npmjs.org/once/-/once-1.4.0.tgz. Extracting by manifest.
336 silly tarball no local data for debug@https://registry.npmjs.org/debug/-/debug-2.6.9.tgz. Extracting by manifest.
337 silly tarball no local data for fstream@https://registry.npmjs.org/fstream/-/fstream-1.0.12.tgz. Extracting by manifest.
338 silly tarball no local data for fstream-ignore@https://registry.npmjs.org/fstream-ignore/-/fstream-ignore-1.0.5.tgz. Extracting by manifest.
339 silly tarball no local data for has-flag@https://registry.npmjs.org/has-flag/-/has-flag-4.0.0.tgz. Extracting by manifest.
340 silly tarball no local data for shebang-regex@https://registry.npmjs.org/shebang-regex/-/shebang-regex-3.0.0.tgz. Extracting by manifest.
341 silly tarball no local data for yallist@https://registry.npmjs.org/yallist/-/yallist-4.0.0.tgz. Extracting by manifest.
342 silly tarball no local data for lru-cache@https://registry.npmjs.org/lru-cache/-/lru-cache-6.0.0.tgz. Extracting by manifest.
343 silly tarball no local data for inherits@https://registry.npmjs.org/inherits/-/inherits-2.0.4.tgz. Extracting by manifest.
344 silly tarball no local data for string_decoder@https://registry.npmjs.org/string_decoder/-/string_decoder-0.10.31.tgz. Extracting by manifest.
345 silly tarball no local data for sisteransi@https://registry.npmjs.org/sisteransi/-/sisteransi-1.0.5.tgz. Extracting by manifest.
346 silly tarball no local data for isarray@https://registry.npmjs.org/isarray/-/isarray-0.0.1.tgz. Extracting by manifest.
347 silly tarball no local data for through2@https://registry.npmjs.org/through2/-/through2-0.6.5.tgz. Extracting by manifest.
348 silly tarball no local data for core-util-is@https://registry.npmjs.org/core-util-is/-/core-util-is-1.0.3.tgz. Extracting by manifest.
349 silly tarball no local data for kleur@https://registry.npmjs.org/kleur/-/kleur-3.0.3.tgz. Extracting by manifest.
350 silly tarball no local data for buffer-from@https://registry.npmjs.org/buffer-from/-/buffer-from-0.1.2.tgz. Extracting by manifest.
351 silly tarball no local data for readable-stream@https://registry.npmjs.org/readable-stream/-/readable-stream-1.1.14.tgz. Extracting by manifest.
352 silly tarball no local data for duplexer2@https://registry.npmjs.org/duplexer2/-/duplexer2-0.0.2.tgz. Extracting by manifest.
353 silly tarball no local data for graceful-fs@https://registry.npmjs.org/graceful-fs/-/graceful-fs-4.2.11.tgz. Extracting by manifest.
354 silly tarball no local data for jsonfile@https://registry.npmjs.org/jsonfile/-/jsonfile-6.1.0.tgz. Extracting by manifest.
355 silly tarball no local data for universalify@https://registry.npmjs.org/universalify/-/universalify-2.0.1.tgz. Extracting by manifest.
356 silly tarball no local data for which@https://registry.npmjs.org/which/-/which-2.0.2.tgz. Extracting by manifest.
357 silly tarball no local data for color-name@https://registry.npmjs.org/color-name/-/color-name-1.1.4.tgz. Extracting by manifest.
358 silly tarball no local data for shebang-command@https://registry.npmjs.org/shebang-command/-/shebang-command-2.0.0.tgz. Extracting by manifest.
359 silly tarball no local data for path-key@https://registry.npmjs.org/path-key/-/path-key-3.1.1.tgz. Extracting by manifest.
360 silly tarball no local data for color-convert@https://registry.npmjs.org/color-convert/-/color-convert-2.0.1.tgz. Extracting by manifest.
361 silly tarball no local data for ansi-styles@https://registry.npmjs.org/ansi-styles/-/ansi-styles-4.3.0.tgz. Extracting by manifest.
362 silly tarball no local data for supports-color@https://registry.npmjs.org/supports-color/-/supports-color-7.2.0.tgz. Extracting by manifest.
363 silly tarball no local data for validate-npm-package-name@https://registry.npmjs.org/validate-npm-package-name/-/validate-npm-package-name-3.0.0.tgz. Extracting by manifest.
364 silly tarball no local data for tar-pack@https://registry.npmjs.org/tar-pack/-/tar-pack-3.4.1.tgz. Extracting by manifest.
365 silly tarball no local data for hyperquest@https://registry.npmjs.org/hyperquest/-/hyperquest-2.1.3.tgz. Extracting by manifest.
366 silly tarball no local data for semver@https://registry.npmjs.org/semver/-/semver-7.6.0.tgz. Extracting by manifest.
367 silly tarball no local data for prompts@https://registry.npmjs.org/prompts/-/prompts-2.4.2.tgz. Extracting by manifest.
368 silly tarball no local data for tmp@https://registry.npmjs.org/tmp/-/tmp-0.2.3.tgz. Extracting by manifest.
369 silly tarball no local data for readable-stream@https://registry.npmjs.org/readable-stream/-/readable-stream-1.0.34.tgz. Extracting by manifest.
370 silly tarball no local data for fs-extra@https://registry.npmjs.org/fs-extra/-/fs-extra-10.1.0.tgz. Extracting by manifest.
371 silly tarball no local data for envinfo@https://registry.npmjs.org/envinfo/-/envinfo-7.11.1.tgz. Extracting by manifest.
372 silly tarball no local data for cross-spawn@https://registry.npmjs.org/cross-spawn/-/cross-spawn-7.0.3.tgz. Extracting by manifest.
373 silly tarball no local data for chalk@https://registry.npmjs.org/chalk/-/chalk-4.1.2.tgz. Extracting by manifest.
374 silly tarball no local data for string_decoder@https://registry.npmjs.org/string_decoder/-/string_decoder-1.1.1.tgz. Extracting by manifest.
375 silly tarball no local data for commander@https://registry.npmjs.org/commander/-/commander-4.1.1.tgz. Extracting by manifest.
376 silly tarball no local data for readable-stream@https://registry.npmjs.org/readable-stream/-/readable-stream-2.3.8.tgz. Extracting by manifest.
377 silly tarball no local data for create-react-app@https://registry.npmjs.org/create-react-app/-/create-react-app-5.0.1.tgz. Extracting by manifest.
378 silly tarball no local data for isarray@https://registry.npmjs.org/isarray/-/isarray-1.0.0.tgz. Extracting by manifest.
379 http fetch POST 200 https://registry.npmjs.org/-/npm/v1/security/advisories/bulk 233ms
380 timing auditReport:getReport Completed in 237ms
381 silly audit report {
381 silly audit report   tar: [
381 silly audit report     {
381 silly audit report       id: 1089685,
381 silly audit report       url: 'https://github.com/advisories/GHSA-3jfq-g458-7qm9',
381 silly audit report       title: 'Arbitrary File Creation/Overwrite due to insufficient absolute path sanitization',
381 silly audit report       severity: 'high',
381 silly audit report       vulnerable_versions: '<3.2.2',
381 silly audit report       cwe: [Array],
381 silly audit report       cvss: [Object]
381 silly audit report     },
381 silly audit report     {
381 silly audit report       id: 1095117,
381 silly audit report       url: 'https://github.com/advisories/GHSA-5955-9wpr-37jh',
381 silly audit report       title: 'Arbitrary File Creation/Overwrite on Windows via insufficient relative path sanitization',
381 silly audit report       severity: 'high',
381 silly audit report       vulnerable_versions: '<4.4.18',
381 silly audit report       cwe: [Array],
381 silly audit report       cvss: [Object]
381 silly audit report     }
381 silly audit report   ]
381 silly audit report }
382 timing metavuln:packument:tar Completed in 0ms
383 timing metavuln:cache:get:security-advisory:tar:Oa066nJpV2ox85F6qnk1N5eWmAmoWAMU7byYhWk4oYfHYrQ8aGHfCKRikfcy0dHDcKWKiPRc7Nz7R9fxKkj0Yw== Completed in 22ms
384 timing metavuln:load:security-advisory:tar:1089685 Completed in 6ms
385 timing metavuln:cache:get:security-advisory:tar:2lGtz15Gs28nRX11iCY/mSa25Ky4CfNVzD5qptDvtqdkLXPb/znmxdJ/4OrOyJZ2qQgFtnfxP9ee2xfimUMfuw== Completed in 29ms
386 timing metavuln:load:security-advisory:tar:1095117 Completed in 4ms
387 http fetch GET 200 https://registry.npmjs.org/builtins/-/builtins-1.0.3.tgz 1429ms (cache miss)
388 timing reifyNode:node_modules/builtins Completed in 1496ms
389 http fetch GET 200 https://registry.npmjs.org/inflight/-/inflight-1.0.6.tgz 1435ms (cache miss)
390 timing reifyNode:node_modules/inflight Completed in 1505ms
391 http fetch GET 200 https://registry.npmjs.org/util-deprecate/-/util-deprecate-1.0.2.tgz 1444ms (cache miss)
392 timing reifyNode:node_modules/util-deprecate Completed in 1509ms
393 http fetch GET 200 https://registry.npmjs.org/isexe/-/isexe-2.0.0.tgz 1447ms (cache miss)
394 timing reifyNode:node_modules/isexe Completed in 1513ms
395 http fetch GET 200 https://registry.npmjs.org/path-is-absolute/-/path-is-absolute-1.0.1.tgz 1468ms (cache miss)
396 timing reifyNode:node_modules/path-is-absolute Completed in 1534ms
397 http fetch GET 200 https://registry.npmjs.org/xtend/-/xtend-4.0.2.tgz 1469ms (cache miss)
398 timing reifyNode:node_modules/xtend Completed in 1536ms
399 http fetch GET 200 https://registry.npmjs.org/block-stream/-/block-stream-0.0.9.tgz 1479ms (cache miss)
400 timing reifyNode:node_modules/block-stream Completed in 1545ms
401 http fetch GET 200 https://registry.npmjs.org/process-nextick-args/-/process-nextick-args-2.0.1.tgz 1488ms (cache miss)
402 timing reifyNode:node_modules/process-nextick-args Completed in 1552ms
403 timing metavuln:cache:put:security-advisory:tar:2lGtz15Gs28nRX11iCY/mSa25Ky4CfNVzD5qptDvtqdkLXPb/znmxdJ/4OrOyJZ2qQgFtnfxP9ee2xfimUMfuw== Completed in 1287ms
404 timing metavuln:calculate:security-advisory:tar:1095117 Completed in 1320ms
405 http fetch GET 200 https://registry.npmjs.org/wrappy/-/wrappy-1.0.2.tgz 1496ms (cache miss)
406 timing reifyNode:node_modules/wrappy Completed in 1564ms
407 http fetch GET 200 https://registry.npmjs.org/fs.realpath/-/fs.realpath-1.0.0.tgz 1505ms (cache miss)
408 timing reifyNode:node_modules/fs.realpath Completed in 1576ms
409 http fetch GET 200 https://registry.npmjs.org/safe-buffer/-/safe-buffer-5.1.2.tgz 1522ms (cache miss)
410 timing reifyNode:node_modules/safe-buffer Completed in 1587ms
411 http fetch GET 200 https://registry.npmjs.org/once/-/once-1.4.0.tgz 1537ms (cache miss)
412 timing reifyNode:node_modules/once Completed in 1613ms
413 http fetch GET 200 https://registry.npmjs.org/isarray/-/isarray-1.0.0.tgz 1439ms (cache miss)
414 timing reifyNode:node_modules/tar-pack/node_modules/isarray Completed in 1619ms
415 timing metavuln:cache:put:security-advisory:tar:Oa066nJpV2ox85F6qnk1N5eWmAmoWAMU7byYhWk4oYfHYrQ8aGHfCKRikfcy0dHDcKWKiPRc7Nz7R9fxKkj0Yw== Completed in 1367ms
416 timing metavuln:calculate:security-advisory:tar:1089685 Completed in 1395ms
417 timing metavuln:packument:tar-pack Completed in 0ms
418 http fetch GET 200 https://registry.npmjs.org/glob/-/glob-7.2.3.tgz 1584ms (cache miss)
419 timing reifyNode:node_modules/glob Completed in 1652ms
420 http fetch GET 200 https://registry.npmjs.org/balanced-match/-/balanced-match-1.0.2.tgz 1579ms (cache miss)
421 timing reifyNode:node_modules/balanced-match Completed in 1652ms
422 http fetch GET 200 https://registry.npmjs.org/ms/-/ms-2.0.0.tgz 1581ms (cache miss)
423 timing reifyNode:node_modules/ms Completed in 1655ms
424 http fetch GET 200 https://registry.npmjs.org/uid-number/-/uid-number-0.0.6.tgz 1582ms (cache miss)
425 timing reifyNode:node_modules/uid-number Completed in 1657ms
426 timing metavuln:cache:get:security-advisory:tar-pack:3KXljJwoAr/NHejfU6kg41RmjF3Pg6M28t7ViuMjk5SYV3kYL9qyGZ417dIFb1Y8K+hhpo0sBWpskxrKhsZQzQ== Completed in 32ms
427 timing metavuln:load:security-advisory:tar-pack:Oa066nJpV2ox85F6qnk1N5eWmAmoWAMU7byYhWk4oYfHYrQ8aGHfCKRikfcy0dHDcKWKiPRc7Nz7R9fxKkj0Yw== Completed in 4ms
428 http fetch GET 200 https://registry.npmjs.org/inherits/-/inherits-2.0.4.tgz 1579ms (cache miss)
429 timing reifyNode:node_modules/inherits Completed in 1661ms
430 http fetch GET 200 https://registry.npmjs.org/shebang-command/-/shebang-command-2.0.0.tgz 1571ms (cache miss)
431 timing reifyNode:node_modules/shebang-command Completed in 1666ms
432 http fetch GET 200 https://registry.npmjs.org/core-util-is/-/core-util-is-1.0.3.tgz 1578ms (cache miss)
433 timing reifyNode:node_modules/core-util-is Completed in 1668ms
434 http fetch GET 200 https://registry.npmjs.org/concat-map/-/concat-map-0.0.1.tgz 1607ms (cache miss)
435 timing reifyNode:node_modules/concat-map Completed in 1680ms
436 http fetch GET 200 https://registry.npmjs.org/yallist/-/yallist-4.0.0.tgz 1599ms (cache miss)
437 timing reifyNode:node_modules/yallist Completed in 1680ms
438 http fetch GET 200 https://registry.npmjs.org/brace-expansion/-/brace-expansion-1.1.11.tgz 1609ms (cache miss)
439 timing reifyNode:node_modules/brace-expansion Completed in 1681ms
440 http fetch GET 200 https://registry.npmjs.org/sisteransi/-/sisteransi-1.0.5.tgz 1596ms (cache miss)
441 timing reifyNode:node_modules/sisteransi Completed in 1684ms
442 http fetch GET 200 https://registry.npmjs.org/shebang-regex/-/shebang-regex-3.0.0.tgz 1605ms (cache miss)
443 timing reifyNode:node_modules/shebang-regex Completed in 1684ms
444 http fetch GET 200 https://registry.npmjs.org/universalify/-/universalify-2.0.1.tgz 1594ms (cache miss)
445 timing reifyNode:node_modules/universalify Completed in 1688ms
446 http fetch GET 200 https://registry.npmjs.org/string_decoder/-/string_decoder-0.10.31.tgz 1607ms (cache miss)
447 timing reifyNode:node_modules/string_decoder Completed in 1689ms
448 http fetch GET 200 https://registry.npmjs.org/color-name/-/color-name-1.1.4.tgz 1595ms (cache miss)
449 timing reifyNode:node_modules/color-name Completed in 1689ms
450 http fetch GET 200 https://registry.npmjs.org/has-flag/-/has-flag-4.0.0.tgz 1634ms (cache miss)
451 timing reifyNode:node_modules/has-flag Completed in 1712ms
452 http fetch GET 200 https://registry.npmjs.org/rimraf/-/rimraf-2.7.1.tgz 1638ms (cache miss)
453 timing reifyNode:node_modules/rimraf Completed in 1713ms
454 http fetch GET 200 https://registry.npmjs.org/lru-cache/-/lru-cache-6.0.0.tgz 1635ms (cache miss)
455 timing reifyNode:node_modules/lru-cache Completed in 1715ms
456 http fetch GET 200 https://registry.npmjs.org/kleur/-/kleur-3.0.3.tgz 1627ms (cache miss)
457 timing reifyNode:node_modules/kleur Completed in 1716ms
458 http fetch GET 200 https://registry.npmjs.org/path-key/-/path-key-3.1.1.tgz 1623ms (cache miss)
459 timing reifyNode:node_modules/path-key Completed in 1718ms
460 http fetch GET 200 https://registry.npmjs.org/through2/-/through2-0.6.5.tgz 1632ms (cache miss)
461 timing reifyNode:node_modules/through2 Completed in 1720ms
462 http fetch GET 200 https://registry.npmjs.org/buffer-from/-/buffer-from-0.1.2.tgz 1635ms (cache miss)
463 timing reifyNode:node_modules/buffer-from Completed in 1725ms
464 http fetch GET 200 https://registry.npmjs.org/fstream-ignore/-/fstream-ignore-1.0.5.tgz 1655ms (cache miss)
465 timing reifyNode:node_modules/fstream-ignore Completed in 1733ms
466 http fetch GET 200 https://registry.npmjs.org/isarray/-/isarray-0.0.1.tgz 1648ms (cache miss)
467 timing reifyNode:node_modules/isarray Completed in 1736ms
468 http fetch GET 200 https://registry.npmjs.org/duplexer2/-/duplexer2-0.0.2.tgz 1648ms (cache miss)
469 timing reifyNode:node_modules/duplexer2 Completed in 1739ms
470 http fetch GET 200 https://registry.npmjs.org/mkdirp/-/mkdirp-0.5.6.tgz 1676ms (cache miss)
471 timing reifyNode:node_modules/mkdirp Completed in 1752ms
472 http fetch GET 200 https://registry.npmjs.org/string_decoder/-/string_decoder-1.1.1.tgz 1637ms (cache miss)
473 timing reifyNode:node_modules/tar-pack/node_modules/string_decoder Completed in 1750ms
474 http fetch GET 200 https://registry.npmjs.org/supports-color/-/supports-color-7.2.0.tgz 1659ms (cache miss)
475 timing reifyNode:node_modules/supports-color Completed in 1755ms
476 http fetch GET 200 https://registry.npmjs.org/which/-/which-2.0.2.tgz 1671ms (cache miss)
477 timing reifyNode:node_modules/which Completed in 1764ms
478 http fetch GET 200 https://registry.npmjs.org/jsonfile/-/jsonfile-6.1.0.tgz 1685ms (cache miss)
479 timing reifyNode:node_modules/jsonfile Completed in 1778ms
480 http fetch GET 200 https://registry.npmjs.org/ansi-styles/-/ansi-styles-4.3.0.tgz 1686ms (cache miss)
481 timing reifyNode:node_modules/ansi-styles Completed in 1781ms
482 http fetch GET 200 https://registry.npmjs.org/validate-npm-package-name/-/validate-npm-package-name-3.0.0.tgz 1706ms (cache miss)
483 timing reifyNode:node_modules/validate-npm-package-name Completed in 1803ms
484 http fetch GET 200 https://registry.npmjs.org/color-convert/-/color-convert-2.0.1.tgz 1717ms (cache miss)
485 timing reifyNode:node_modules/color-convert Completed in 1812ms
486 http fetch GET 200 https://registry.npmjs.org/graceful-fs/-/graceful-fs-4.2.11.tgz 1723ms (cache miss)
487 timing reifyNode:node_modules/graceful-fs Completed in 1815ms
488 http fetch GET 200 https://registry.npmjs.org/create-react-app/-/create-react-app-5.0.1.tgz 1648ms (cache miss)
489 timing reifyNode:node_modules/create-react-app Completed in 1826ms
490 http fetch GET 200 https://registry.npmjs.org/tar-pack/-/tar-pack-3.4.1.tgz 1733ms (cache miss)
491 http fetch GET 200 https://registry.npmjs.org/minimatch/-/minimatch-3.1.2.tgz 1764ms (cache miss)
492 timing reifyNode:node_modules/minimatch Completed in 1837ms
493 http fetch GET 200 https://registry.npmjs.org/hyperquest/-/hyperquest-2.1.3.tgz 1759ms (cache miss)
494 http fetch GET 200 https://registry.npmjs.org/cross-spawn/-/cross-spawn-7.0.3.tgz 1758ms (cache miss)
495 timing reifyNode:node_modules/cross-spawn Completed in 1869ms
496 timing reifyNode:node_modules/tar-pack Completed in 1871ms
497 timing reifyNode:node_modules/hyperquest Completed in 1884ms
498 http fetch GET 200 https://registry.npmjs.org/tmp/-/tmp-0.2.3.tgz 1820ms (cache miss)
499 timing reifyNode:node_modules/tmp Completed in 1920ms
500 http fetch GET 200 https://registry.npmjs.org/chalk/-/chalk-4.1.2.tgz 1820ms (cache miss)
501 timing reifyNode:node_modules/chalk Completed in 1931ms
502 timing metavuln:cache:put:security-advisory:tar-pack:3KXljJwoAr/NHejfU6kg41RmjF3Pg6M28t7ViuMjk5SYV3kYL9qyGZ417dIFb1Y8K+hhpo0sBWpskxrKhsZQzQ== Completed in 307ms
503 timing metavuln:calculate:security-advisory:tar-pack:Oa066nJpV2ox85F6qnk1N5eWmAmoWAMU7byYhWk4oYfHYrQ8aGHfCKRikfcy0dHDcKWKiPRc7Nz7R9fxKkj0Yw== Completed in 343ms
504 timing metavuln:packument:create-react-app Completed in 0ms
505 timing metavuln:cache:get:security-advisory:create-react-app:BAP5sjD/UipbJVBCija12WlnlurqvRCOfkHPDCK3St763W6JIxpLfRD1F9PMmW4GEaZmK6BFkh/Pye257xPpCw== Completed in 8ms
506 timing metavuln:load:security-advisory:create-react-app:3KXljJwoAr/NHejfU6kg41RmjF3Pg6M28t7ViuMjk5SYV3kYL9qyGZ417dIFb1Y8K+hhpo0sBWpskxrKhsZQzQ== Completed in 6ms
507 http fetch GET 200 https://registry.npmjs.org/readable-stream/-/readable-stream-1.0.34.tgz 1896ms (cache miss)
508 timing reifyNode:node_modules/through2/node_modules/readable-stream Completed in 1997ms
509 http fetch GET 200 https://registry.npmjs.org/debug/-/debug-2.6.9.tgz 1933ms (cache miss)
510 timing reifyNode:node_modules/debug Completed in 2009ms
511 http fetch GET 200 https://registry.npmjs.org/commander/-/commander-4.1.1.tgz 1941ms (cache miss)
512 timing reifyNode:node_modules/commander Completed in 2055ms
513 http fetch GET 200 https://registry.npmjs.org/readable-stream/-/readable-stream-1.1.14.tgz 1991ms (cache miss)
514 timing reifyNode:node_modules/readable-stream Completed in 2081ms
515 http fetch GET 200 https://registry.npmjs.org/minimist/-/minimist-1.2.8.tgz 2017ms (cache miss)
516 timing reifyNode:node_modules/minimist Completed in 2088ms
517 timing metavuln:cache:put:security-advisory:create-react-app:BAP5sjD/UipbJVBCija12WlnlurqvRCOfkHPDCK3St763W6JIxpLfRD1F9PMmW4GEaZmK6BFkh/Pye257xPpCw== Completed in 129ms
518 timing metavuln:calculate:security-advisory:create-react-app:3KXljJwoAr/NHejfU6kg41RmjF3Pg6M28t7ViuMjk5SYV3kYL9qyGZ417dIFb1Y8K+hhpo0sBWpskxrKhsZQzQ== Completed in 143ms
519 timing auditReport:init Completed in 1893ms
520 timing reify:audit Completed in 2132ms
521 http fetch GET 200 https://registry.npmjs.org/fstream/-/fstream-1.0.12.tgz 2058ms (cache miss)
522 timing reifyNode:node_modules/fstream Completed in 2135ms
523 http fetch GET 200 https://registry.npmjs.org/envinfo/-/envinfo-7.11.1.tgz 2029ms (cache miss)
524 timing reifyNode:node_modules/envinfo Completed in 2140ms
525 http fetch GET 200 https://registry.npmjs.org/fs-extra/-/fs-extra-10.1.0.tgz 2061ms (cache miss)
526 timing reifyNode:node_modules/fs-extra Completed in 2171ms
527 http fetch GET 200 https://registry.npmjs.org/readable-stream/-/readable-stream-2.3.8.tgz 2007ms (cache miss)
528 timing reifyNode:node_modules/tar-pack/node_modules/readable-stream Completed in 2178ms
529 http fetch GET 200 https://registry.npmjs.org/semver/-/semver-7.6.0.tgz 2140ms (cache miss)
530 timing reifyNode:node_modules/semver Completed in 2238ms
531 http fetch GET 200 https://registry.npmjs.org/prompts/-/prompts-2.4.2.tgz 2221ms (cache miss)
532 timing reifyNode:node_modules/prompts Completed in 2321ms
533 http fetch GET 200 https://registry.npmjs.org/tar/-/tar-2.2.2.tgz 2388ms (cache miss)
534 warn deprecated tar@2.2.2: This version of tar is no longer supported, and will not receive security updates. Please upgrade asap.
535 timing reifyNode:node_modules/tar Completed in 2465ms
536 timing reify:unpack Completed in 2467ms
537 timing reify:unretire Completed in 1ms
538 timing build:queue Completed in 4ms
539 timing build:link:node_modules/create-react-app Completed in 20ms
540 timing build:link:node_modules/mkdirp Completed in 19ms
541 timing build:link:node_modules/semver Completed in 19ms
542 timing build:link:node_modules/envinfo Completed in 22ms
543 timing build:link:node_modules/rimraf Completed in 22ms
544 timing build:link:node_modules/which Completed in 25ms
545 timing build:link Completed in 26ms
546 timing build:deps Completed in 31ms
547 timing build Completed in 31ms
548 timing reify:build Completed in 31ms
549 timing reify:trash Completed in 0ms
550 timing reify:save Completed in 32ms
551 timing reify Completed in 4460ms
552 timing command:exec Completed in 155200ms
553 notice
553 notice New [33mminor[39m version of npm available! [31m10.2.4[39m -> [32m10.5.0[39m
553 notice Changelog: [36mhttps://github.com/npm/cli/releases/tag/v10.5.0[39m
553 notice Run [32mnpm install -g npm@10.5.0[39m to update!
553 notice
554 verbose exit 0
555 timing npm Completed in 155707ms
556 info ok
